# JRE version: OpenJDK Runtime Environment (11.0.13) (build 11.0.13+0-b1751.21-8125866)
# Java VM: OpenJDK 64-Bit Server VM (11.0.13+0-b1751.21-8125866, mixed mode, tiered, compressed oops, g1 gc, windows-amd64)
Heap:
 garbage-first heap   total 196608K, used 119534K [0x0000000080000000, 0x0000000100000000)
  region size 1024K, 18 young (18432K), 3 survivors (3072K)
 Metaspace       used 101381K, capacity 103869K, committed 104156K, reserved 1140736K
  class space    used 12946K, capacity 13898K, committed 13984K, reserved 1048576K
GC Heap History (20 events):
Event: 62.639 GC heap after
{Heap after GC invocations=16 (full 0):
 garbage-first heap   total 196608K, used 67691K [0x0000000080000000, 0x0000000100000000)
  region size 1024K, 11 young (11264K), 11 survivors (11264K)
 Metaspace       used 77159K, capacity 78796K, committed 79068K, reserved 1118208K
  class space    used 9906K, capacity 10545K, committed 10656K, reserved 1048576K
}
Event: 65.702 GC heap before
{Heap before GC invocations=16 (full 0):
 garbage-first heap   total 196608K, used 146539K [0x0000000080000000, 0x0000000100000000)
  region size 1024K, 88 young (90112K), 11 survivors (11264K)
 Metaspace       used 84426K, capacity 86176K, committed 86364K, reserved 1124352K
  class space    used 10871K, capacity 11507K, committed 11552K, reserved 1048576K
}
Event: 65.738 GC heap after
{Heap after GC invocations=17 (full 0):
 garbage-first heap   total 196608K, used 73363K [0x0000000080000000, 0x0000000100000000)
  region size 1024K, 11 young (11264K), 11 survivors (11264K)
 Metaspace       used 84426K, capacity 86176K, committed 86364K, reserved 1124352K
  class space    used 10871K, capacity 11507K, committed 11552K, reserved 1048576K
}
Event: 70.230 GC heap before
{Heap before GC invocations=17 (full 0):
 garbage-first heap   total 196608K, used 150163K [0x0000000080000000, 0x0000000100000000)
  region size 1024K, 87 young (89088K), 11 survivors (11264K)
 Metaspace       used 87320K, capacity 89333K, committed 89564K, reserved 1126400K
  class space    used 11280K, capacity 12078K, committed 12192K, reserved 1048576K
}
Event: 70.261 GC heap after
{Heap after GC invocations=18 (full 0):
 garbage-first heap   total 196608K, used 78482K [0x0000000080000000, 0x0000000100000000)
  region size 1024K, 11 young (11264K), 11 survivors (11264K)
 Metaspace       used 87320K, capacity 89333K, committed 89564K, reserved 1126400K
  class space    used 11280K, capacity 12078K, committed 12192K, reserved 1048576K
}
Event: 84.759 GC heap before
{Heap before GC invocations=18 (full 0):
 garbage-first heap   total 196608K, used 153234K [0x0000000080000000, 0x0000000100000000)
  region size 1024K, 85 young (87040K), 11 survivors (11264K)
 Metaspace       used 88068K, capacity 90196K, committed 90332K, reserved 1128448K
  class space    used 11324K, capacity 12136K, committed 12192K, reserved 1048576K
}
Event: 84.795 GC heap after
{Heap after GC invocations=19 (full 0):
 garbage-first heap   total 196608K, used 84428K [0x0000000080000000, 0x0000000100000000)
  region size 1024K, 11 young (11264K), 11 survivors (11264K)
 Metaspace       used 88068K, capacity 90196K, committed 90332K, reserved 1128448K
  class space    used 11324K, capacity 12136K, committed 12192K, reserved 1048576K
}
Event: 92.807 GC heap before
{Heap before GC invocations=19 (full 0):
 garbage-first heap   total 196608K, used 156108K [0x0000000080000000, 0x0000000100000000)
  region size 1024K, 82 young (83968K), 11 survivors (11264K)
 Metaspace       used 89597K, capacity 91713K, committed 91868K, reserved 1128448K
  class space    used 11537K, capacity 12374K, committed 12448K, reserved 1048576K
}
Event: 92.834 GC heap after
{Heap after GC invocations=20 (full 0):
 garbage-first heap   total 196608K, used 89086K [0x0000000080000000, 0x0000000100000000)
  region size 1024K, 10 young (10240K), 10 survivors (10240K)
 Metaspace       used 89597K, capacity 91713K, committed 91868K, reserved 1128448K
  class space    used 11537K, capacity 12374K, committed 12448K, reserved 1048576K
}
Event: 95.763 GC heap before
{Heap before GC invocations=20 (full 0):
 garbage-first heap   total 196608K, used 159742K [0x0000000080000000, 0x0000000100000000)
  region size 1024K, 79 young (80896K), 10 survivors (10240K)
 Metaspace       used 94433K, capacity 96522K, committed 96732K, reserved 1132544K
  class space    used 12102K, capacity 12929K, committed 12960K, reserved 1048576K
}
Event: 95.790 GC heap after
{Heap after GC invocations=21 (full 0):
 garbage-first heap   total 196608K, used 92876K [0x0000000080000000, 0x0000000100000000)
  region size 1024K, 8 young (8192K), 8 survivors (8192K)
 Metaspace       used 94433K, capacity 96522K, committed 96732K, reserved 1132544K
  class space    used 12102K, capacity 12929K, committed 12960K, reserved 1048576K
}
Event: 97.844 GC heap before
{Heap before GC invocations=21 (full 0):
 garbage-first heap   total 196608K, used 160460K [0x0000000080000000, 0x0000000100000000)
  region size 1024K, 75 young (76800K), 8 survivors (8192K)
 Metaspace       used 96151K, capacity 98349K, committed 98524K, reserved 1134592K
  class space    used 12330K, capacity 13154K, committed 13216K, reserved 1048576K
}
Event: 97.870 GC heap after
{Heap after GC invocations=22 (full 0):
 garbage-first heap   total 196608K, used 96664K [0x0000000080000000, 0x0000000100000000)
  region size 1024K, 8 young (8192K), 8 survivors (8192K)
 Metaspace       used 96151K, capacity 98349K, committed 98524K, reserved 1134592K
  class space    used 12330K, capacity 13154K, committed 13216K, reserved 1048576K
}
Event: 117.424 GC heap before
{Heap before GC invocations=22 (full 0):
 garbage-first heap   total 196608K, used 162200K [0x0000000080000000, 0x0000000100000000)
  region size 1024K, 73 young (74752K), 8 survivors (8192K)
 Metaspace       used 97971K, capacity 100371K, committed 100700K, reserved 1136640K
  class space    used 12611K, capacity 13507K, committed 13600K, reserved 1048576K
}
Event: 117.454 GC heap after
{Heap after GC invocations=23 (full 0):
 garbage-first heap   total 196608K, used 100185K [0x0000000080000000, 0x0000000100000000)
  region size 1024K, 7 young (7168K), 7 survivors (7168K)
 Metaspace       used 97971K, capacity 100371K, committed 100700K, reserved 1136640K
  class space    used 12611K, capacity 13507K, committed 13600K, reserved 1048576K
}
Event: 118.230 GC heap before
{Heap before GC invocations=24 (full 0):
 garbage-first heap   total 196608K, used 113497K [0x0000000080000000, 0x0000000100000000)
  region size 1024K, 22 young (22528K), 7 survivors (7168K)
 Metaspace       used 97945K, capacity 100318K, committed 100700K, reserved 1136640K
  class space    used 12591K, capacity 13465K, committed 13600K, reserved 1048576K
}
Event: 118.256 GC heap after
{Heap after GC invocations=25 (full 0):
 garbage-first heap   total 196608K, used 101038K [0x0000000080000000, 0x0000000100000000)
  region size 1024K, 5 young (5120K), 5 survivors (5120K)
 Metaspace       used 97945K, capacity 100318K, committed 100700K, reserved 1136640K
  class space    used 12591K, capacity 13465K, committed 13600K, reserved 1048576K
}
Event: 119.225 GC heap before
{Heap before GC invocations=26 (full 0):
 garbage-first heap   total 196608K, used 123566K [0x0000000080000000, 0x0000000100000000)
  region size 1024K, 26 young (26624K), 5 survivors (5120K)
 Metaspace       used 98183K, capacity 100582K, committed 100956K, reserved 1136640K
  class space    used 12621K, capacity 13488K, committed 13600K, reserved 1048576K
}
Event: 119.241 GC heap after
{Heap after GC invocations=27 (full 0):
 garbage-first heap   total 196608K, used 100993K [0x0000000080000000, 0x0000000100000000)
  region size 1024K, 1 young (1024K), 1 survivors (1024K)
 Metaspace       used 98183K, capacity 100582K, committed 100956K, reserved 1136640K
  class space    used 12621K, capacity 13488K, committed 13600K, reserved 1048576K
}
Event: 120.091 GC heap before
{Heap before GC invocations=28 (full 0):
 garbage-first heap   total 196608K, used 118401K [0x0000000080000000, 0x0000000100000000)
  region size 1024K, 16 young (16384K), 1 survivors (1024K)
 Metaspace       used 101381K, capacity 103869K, committed 104156K, reserved 1140736K
  class space    used 12946K, capacity 13898K, committed 13984K, reserved 1048576K
}

