# JRE version: OpenJDK Runtime Environment (11.0.13) (build 11.0.13+0-b1751.21-8125866)
# Java VM: OpenJDK 64-Bit Server VM (11.0.13+0-b1751.21-8125866, mixed mode, tiered, compressed oops, g1 gc, windows-amd64)
Heap:
 garbage-first heap   total 196608K, used 111279K [0x0000000080000000, 0x0000000100000000)
  region size 1024K, 66 young (67584K), 3 survivors (3072K)
 Metaspace       used 58843K, capacity 60274K, committed 60368K, reserved 1101824K
  class space    used 7393K, capacity 7955K, committed 8012K, reserved 1048576K
GC Heap History (19 events):
Event: 4.164 GC heap before
{Heap before GC invocations=0 (full 0):
 garbage-first heap   total 196608K, used 16384K [0x0000000080000000, 0x0000000100000000)
  region size 1024K, 14 young (14336K), 0 survivors (0K)
 Metaspace       used 6743K, capacity 6929K, committed 7168K, reserved 1056768K
  class space    used 572K, capacity 650K, committed 768K, reserved 1048576K
}
Event: 4.175 GC heap after
{Heap after GC invocations=1 (full 0):
 garbage-first heap   total 196608K, used 4226K [0x0000000080000000, 0x0000000100000000)
  region size 1024K, 2 young (2048K), 2 survivors (2048K)
 Metaspace       used 6743K, capacity 6929K, committed 7168K, reserved 1056768K
  class space    used 572K, capacity 650K, committed 768K, reserved 1048576K
}
Event: 4.848 GC heap before
{Heap before GC invocations=1 (full 0):
 garbage-first heap   total 196608K, used 18562K [0x0000000080000000, 0x0000000100000000)
  region size 1024K, 13 young (13312K), 2 survivors (2048K)
 Metaspace       used 9874K, capacity 10122K, committed 10368K, reserved 1058816K
  class space    used 1011K, capacity 1102K, committed 1152K, reserved 1048576K
}
Event: 4.853 GC heap after
{Heap after GC invocations=2 (full 0):
 garbage-first heap   total 196608K, used 9238K [0x0000000080000000, 0x0000000100000000)
  region size 1024K, 2 young (2048K), 2 survivors (2048K)
 Metaspace       used 9874K, capacity 10122K, committed 10368K, reserved 1058816K
  class space    used 1011K, capacity 1102K, committed 1152K, reserved 1048576K
}
Event: 5.846 GC heap before
{Heap before GC invocations=2 (full 0):
 garbage-first heap   total 196608K, used 37910K [0x0000000080000000, 0x0000000100000000)
  region size 1024K, 30 young (30720K), 2 survivors (2048K)
 Metaspace       used 10862K, capacity 11077K, committed 11264K, reserved 1058816K
  class space    used 1112K, capacity 1207K, committed 1280K, reserved 1048576K
}
Event: 5.849 GC heap after
{Heap after GC invocations=3 (full 0):
 garbage-first heap   total 196608K, used 11614K [0x0000000080000000, 0x0000000100000000)
  region size 1024K, 4 young (4096K), 4 survivors (4096K)
 Metaspace       used 10862K, capacity 11077K, committed 11264K, reserved 1058816K
  class space    used 1112K, capacity 1207K, committed 1280K, reserved 1048576K
}
Event: 9.824 GC heap before
{Heap before GC invocations=3 (full 0):
 garbage-first heap   total 196608K, used 53598K [0x0000000080000000, 0x0000000100000000)
  region size 1024K, 45 young (46080K), 4 survivors (4096K)
 Metaspace       used 17455K, capacity 17815K, committed 18048K, reserved 1064960K
  class space    used 2008K, capacity 2113K, committed 2176K, reserved 1048576K
}
Event: 9.837 GC heap after
{Heap after GC invocations=4 (full 0):
 garbage-first heap   total 196608K, used 16013K [0x0000000080000000, 0x0000000100000000)
  region size 1024K, 6 young (6144K), 6 survivors (6144K)
 Metaspace       used 17455K, capacity 17815K, committed 18048K, reserved 1064960K
  class space    used 2008K, capacity 2113K, committed 2176K, reserved 1048576K
}
Event: 10.453 GC heap before
{Heap before GC invocations=4 (full 0):
 garbage-first heap   total 196608K, used 47757K [0x0000000080000000, 0x0000000100000000)
  region size 1024K, 38 young (38912K), 6 survivors (6144K)
 Metaspace       used 20815K, capacity 21189K, committed 21296K, reserved 1069056K
  class space    used 2521K, capacity 2684K, committed 2688K, reserved 1048576K
}
Event: 10.461 GC heap after
{Heap after GC invocations=5 (full 0):
 garbage-first heap   total 196608K, used 17452K [0x0000000080000000, 0x0000000100000000)
  region size 1024K, 6 young (6144K), 6 survivors (6144K)
 Metaspace       used 20815K, capacity 21189K, committed 21296K, reserved 1069056K
  class space    used 2521K, capacity 2684K, committed 2688K, reserved 1048576K
}
Event: 12.070 GC heap before
{Heap before GC invocations=6 (full 0):
 garbage-first heap   total 196608K, used 73772K [0x0000000080000000, 0x0000000100000000)
  region size 1024K, 61 young (62464K), 6 survivors (6144K)
 Metaspace       used 26750K, capacity 27379K, committed 27516K, reserved 1073152K
  class space    used 3451K, capacity 3672K, committed 3788K, reserved 1048576K
}
Event: 12.080 GC heap after
{Heap after GC invocations=7 (full 0):
 garbage-first heap   total 196608K, used 19632K [0x0000000080000000, 0x0000000100000000)
  region size 1024K, 4 young (4096K), 4 survivors (4096K)
 Metaspace       used 26750K, capacity 27379K, committed 27516K, reserved 1073152K
  class space    used 3451K, capacity 3672K, committed 3788K, reserved 1048576K
}
Event: 13.916 GC heap before
{Heap before GC invocations=7 (full 0):
 garbage-first heap   total 196608K, used 78000K [0x0000000080000000, 0x0000000100000000)
  region size 1024K, 62 young (63488K), 4 survivors (4096K)
 Metaspace       used 35141K, capacity 35902K, committed 35964K, reserved 1081344K
  class space    used 4493K, capacity 4791K, committed 4812K, reserved 1048576K
}
Event: 13.932 GC heap after
{Heap after GC invocations=8 (full 0):
 garbage-first heap   total 196608K, used 22805K [0x0000000080000000, 0x0000000100000000)
  region size 1024K, 7 young (7168K), 7 survivors (7168K)
 Metaspace       used 35141K, capacity 35902K, committed 35964K, reserved 1081344K
  class space    used 4493K, capacity 4791K, committed 4812K, reserved 1048576K
}
Event: 18.353 GC heap before
{Heap before GC invocations=9 (full 0):
 garbage-first heap   total 196608K, used 127253K [0x0000000080000000, 0x0000000100000000)
  region size 1024K, 106 young (108544K), 7 survivors (7168K)
 Metaspace       used 44088K, capacity 45115K, committed 45308K, reserved 1089536K
  class space    used 5524K, capacity 5927K, committed 5964K, reserved 1048576K
}
Event: 18.376 GC heap after
{Heap after GC invocations=10 (full 0):
 garbage-first heap   total 196608K, used 29204K [0x0000000080000000, 0x0000000100000000)
  region size 1024K, 13 young (13312K), 13 survivors (13312K)
 Metaspace       used 44088K, capacity 45115K, committed 45308K, reserved 1089536K
  class space    used 5524K, capacity 5927K, committed 5964K, reserved 1048576K
}
Event: 21.020 GC heap before
{Heap before GC invocations=10 (full 0):
 garbage-first heap   total 196608K, used 141844K [0x0000000080000000, 0x0000000100000000)
  region size 1024K, 115 young (117760K), 13 survivors (13312K)
 Metaspace       used 49769K, capacity 51012K, committed 51324K, reserved 1093632K
  class space    used 6259K, capacity 6728K, committed 6860K, reserved 1048576K
}
Event: 21.051 GC heap after
{Heap after GC invocations=11 (full 0):
 garbage-first heap   total 196608K, used 47277K [0x0000000080000000, 0x0000000100000000)
  region size 1024K, 15 young (15360K), 15 survivors (15360K)
 Metaspace       used 49769K, capacity 51012K, committed 51324K, reserved 1093632K
  class space    used 6259K, capacity 6728K, committed 6860K, reserved 1048576K
}
Event: 22.908 GC heap before
{Heap before GC invocations=11 (full 0):
 garbage-first heap   total 196608K, used 110765K [0x0000000080000000, 0x0000000100000000)
  region size 1024K, 78 young (79872K), 15 survivors (15360K)
 Metaspace       used 58843K, capacity 60274K, committed 60368K, reserved 1101824K
  class space    used 7393K, capacity 7955K, committed 8012K, reserved 1048576K
}

