# JRE version: OpenJDK Runtime Environment (11.0.13) (build 11.0.13+0-b1751.21-8125866)
# Java VM: OpenJDK 64-Bit Server VM (11.0.13+0-b1751.21-8125866, mixed mode, tiered, compressed oops, g1 gc, windows-amd64)
Heap:
 garbage-first heap   total 252928K, used 223703K [0x0000000080000000, 0x0000000100000000)
  region size 1024K, 6 young (6144K), 2 survivors (2048K)
 Metaspace       used 156764K, capacity 162079K, committed 162256K, reserved 1189888K
  class space    used 19450K, capacity 21482K, committed 21580K, reserved 1048576K
GC Heap History (20 events):
Event: 1098.487 GC heap before
{Heap before GC invocations=98 (full 0):
 garbage-first heap   total 252928K, used 221184K [0x0000000080000000, 0x0000000100000000)
  region size 1024K, 28 young (28672K), 5 survivors (5120K)
 Metaspace       used 149198K, capacity 154089K, committed 154320K, reserved 1183744K
  class space    used 18524K, capacity 20466K, committed 20556K, reserved 1048576K
}
Event: 1098.501 GC heap after
{Heap after GC invocations=99 (full 0):
 garbage-first heap   total 252928K, used 201916K [0x0000000080000000, 0x0000000100000000)
  region size 1024K, 4 young (4096K), 4 survivors (4096K)
 Metaspace       used 149198K, capacity 154089K, committed 154320K, reserved 1183744K
  class space    used 18524K, capacity 20466K, committed 20556K, reserved 1048576K
}
Event: 1099.318 GC heap before
{Heap before GC invocations=99 (full 0):
 garbage-first heap   total 252928K, used 219324K [0x0000000080000000, 0x0000000100000000)
  region size 1024K, 21 young (21504K), 4 survivors (4096K)
 Metaspace       used 152732K, capacity 157618K, committed 157776K, reserved 1185792K
  class space    used 18961K, capacity 20916K, committed 20940K, reserved 1048576K
}
Event: 1099.323 GC heap after
{Heap after GC invocations=100 (full 0):
 garbage-first heap   total 252928K, used 202620K [0x0000000080000000, 0x0000000100000000)
  region size 1024K, 1 young (1024K), 1 survivors (1024K)
 Metaspace       used 152732K, capacity 157618K, committed 157776K, reserved 1185792K
  class space    used 18961K, capacity 20916K, committed 20940K, reserved 1048576K
}
Event: 1099.937 GC heap before
{Heap before GC invocations=100 (full 0):
 garbage-first heap   total 252928K, used 220028K [0x0000000080000000, 0x0000000100000000)
  region size 1024K, 19 young (19456K), 1 survivors (1024K)
 Metaspace       used 155554K, capacity 160481K, committed 160720K, reserved 1189888K
  class space    used 19329K, capacity 21271K, committed 21324K, reserved 1048576K
}
Event: 1099.944 GC heap after
{Heap after GC invocations=101 (full 0):
 garbage-first heap   total 252928K, used 203900K [0x0000000080000000, 0x0000000100000000)
  region size 1024K, 3 young (3072K), 3 survivors (3072K)
 Metaspace       used 155554K, capacity 160481K, committed 160720K, reserved 1189888K
  class space    used 19329K, capacity 21271K, committed 21324K, reserved 1048576K
}
Event: 1100.604 GC heap before
{Heap before GC invocations=101 (full 0):
 garbage-first heap   total 252928K, used 221308K [0x0000000080000000, 0x0000000100000000)
  region size 1024K, 20 young (20480K), 3 survivors (3072K)
 Metaspace       used 156425K, capacity 161651K, committed 162000K, reserved 1189888K
  class space    used 19444K, capacity 21471K, committed 21580K, reserved 1048576K
}
Event: 1100.616 GC heap after
{Heap after GC invocations=102 (full 0):
 garbage-first heap   total 252928K, used 202886K [0x0000000080000000, 0x0000000100000000)
  region size 1024K, 3 young (3072K), 3 survivors (3072K)
 Metaspace       used 156425K, capacity 161651K, committed 162000K, reserved 1189888K
  class space    used 19444K, capacity 21471K, committed 21580K, reserved 1048576K
}
Event: 1105.004 GC heap before
{Heap before GC invocations=102 (full 0):
 garbage-first heap   total 252928K, used 221318K [0x0000000080000000, 0x0000000100000000)
  region size 1024K, 20 young (20480K), 3 survivors (3072K)
 Metaspace       used 156483K, capacity 161682K, committed 162000K, reserved 1189888K
  class space    used 19450K, capacity 21481K, committed 21580K, reserved 1048576K
}
Event: 1105.015 GC heap after
{Heap after GC invocations=103 (full 0):
 garbage-first heap   total 252928K, used 207984K [0x0000000080000000, 0x0000000100000000)
  region size 1024K, 3 young (3072K), 3 survivors (3072K)
 Metaspace       used 156483K, capacity 161682K, committed 162000K, reserved 1189888K
  class space    used 19450K, capacity 21481K, committed 21580K, reserved 1048576K
}
Event: 1105.655 GC heap before
{Heap before GC invocations=103 (full 0):
 garbage-first heap   total 252928K, used 220272K [0x0000000080000000, 0x0000000100000000)
  region size 1024K, 15 young (15360K), 3 survivors (3072K)
 Metaspace       used 156486K, capacity 161682K, committed 162000K, reserved 1189888K
  class space    used 19450K, capacity 21481K, committed 21580K, reserved 1048576K
}
Event: 1105.665 GC heap after
{Heap after GC invocations=104 (full 0):
 garbage-first heap   total 252928K, used 211043K [0x0000000080000000, 0x0000000100000000)
  region size 1024K, 2 young (2048K), 2 survivors (2048K)
 Metaspace       used 156486K, capacity 161682K, committed 162000K, reserved 1189888K
  class space    used 19450K, capacity 21481K, committed 21580K, reserved 1048576K
}
Event: 1105.933 GC heap before
{Heap before GC invocations=104 (full 0):
 garbage-first heap   total 252928K, used 220259K [0x0000000080000000, 0x0000000100000000)
  region size 1024K, 12 young (12288K), 2 survivors (2048K)
 Metaspace       used 156511K, capacity 161682K, committed 162000K, reserved 1189888K
  class space    used 19450K, capacity 21481K, committed 21580K, reserved 1048576K
}
Event: 1105.945 GC heap after
{Heap after GC invocations=105 (full 0):
 garbage-first heap   total 252928K, used 213690K [0x0000000080000000, 0x0000000100000000)
  region size 1024K, 2 young (2048K), 2 survivors (2048K)
 Metaspace       used 156511K, capacity 161682K, committed 162000K, reserved 1189888K
  class space    used 19450K, capacity 21481K, committed 21580K, reserved 1048576K
}
Event: 1106.389 GC heap before
{Heap before GC invocations=105 (full 0):
 garbage-first heap   total 252928K, used 223930K [0x0000000080000000, 0x0000000100000000)
  region size 1024K, 12 young (12288K), 2 survivors (2048K)
 Metaspace       used 156605K, capacity 161815K, committed 162000K, reserved 1189888K
  class space    used 19450K, capacity 21482K, committed 21580K, reserved 1048576K
}
Event: 1106.398 GC heap after
{Heap after GC invocations=106 (full 0):
 garbage-first heap   total 252928K, used 214527K [0x0000000080000000, 0x0000000100000000)
  region size 1024K, 1 young (1024K), 1 survivors (1024K)
 Metaspace       used 156605K, capacity 161815K, committed 162000K, reserved 1189888K
  class space    used 19450K, capacity 21482K, committed 21580K, reserved 1048576K
}
Event: 1106.661 GC heap before
{Heap before GC invocations=106 (full 0):
 garbage-first heap   total 252928K, used 227839K [0x0000000080000000, 0x0000000100000000)
  region size 1024K, 12 young (12288K), 1 survivors (1024K)
 Metaspace       used 156611K, capacity 161815K, committed 162000K, reserved 1189888K
  class space    used 19450K, capacity 21482K, committed 21580K, reserved 1048576K
}
Event: 1106.666 GC heap after
{Heap after GC invocations=107 (full 0):
 garbage-first heap   total 252928K, used 219515K [0x0000000080000000, 0x0000000100000000)
  region size 1024K, 2 young (2048K), 2 survivors (2048K)
 Metaspace       used 156611K, capacity 161815K, committed 162000K, reserved 1189888K
  class space    used 19450K, capacity 21482K, committed 21580K, reserved 1048576K
}
Event: 1106.998 GC heap before
{Heap before GC invocations=107 (full 0):
 garbage-first heap   total 252928K, used 229755K [0x0000000080000000, 0x0000000100000000)
  region size 1024K, 12 young (12288K), 2 survivors (2048K)
 Metaspace       used 156741K, capacity 162015K, committed 162256K, reserved 1189888K
  class space    used 19450K, capacity 21482K, committed 21580K, reserved 1048576K
}
Event: 1107.007 GC heap after
{Heap after GC invocations=108 (full 0):
 garbage-first heap   total 252928K, used 221655K [0x0000000080000000, 0x0000000100000000)
  region size 1024K, 2 young (2048K), 2 survivors (2048K)
 Metaspace       used 156741K, capacity 162015K, committed 162256K, reserved 1189888K
  class space    used 19450K, capacity 21482K, committed 21580K, reserved 1048576K
}

